<?xml version="1.0" encoding="UTF-8"?>
<testng-results ignored="0" total="1" passed="1" failed="0" skipped="0">
  <reporter-output>
  </reporter-output>
  <suite started-at="2024-02-07T10:34:41 IST" name="Default suite" finished-at="2024-02-07T10:35:02 IST" duration-ms="20759">
    <groups>
    </groups>
    <test started-at="2024-02-07T10:34:41 IST" name="Default test" finished-at="2024-02-07T10:35:02 IST" duration-ms="20759">
      <class name="com.ahm.testcases.AddInjury_Questions">
        <test-method is-config="true" signature="setUp()[pri:0, instance:com.ahm.testcases.AddInjury_Questions@47987356]" started-at="2024-02-07T10:34:41 IST" name="setUp" finished-at="2024-02-07T10:34:49 IST" duration-ms="7511" status="PASS">
          <reporter-output>
          </reporter-output>
        </test-method> <!-- setUp -->
        <test-method signature="add_Injury_Question()[pri:0, instance:com.ahm.testcases.AddInjury_Questions@47987356]" started-at="2024-02-07T10:34:49 IST" name="add_Injury_Question" finished-at="2024-02-07T10:35:02 IST" duration-ms="13190" status="PASS">
          <reporter-output>
          </reporter-output>
        </test-method> <!-- add_Injury_Question -->
      </class> <!-- com.ahm.testcases.AddInjury_Questions -->
    </test> <!-- Default test -->
  </suite> <!-- Default suite -->
</testng-results>
